<?xml version="1.0" encoding="UTF-8"?>
<testsuite xmlns:xsi="http://www.w3.org/2001/XMLSchema-instance" xsi:noNamespaceSchemaLocation="https://maven.apache.org/surefire/maven-surefire-plugin/xsd/surefire-test-report.xsd" name="com.epam.rd.autotasks.words.StringUtilTest" time="0.3" tests="101" errors="0" skipped="0" failures="0">
  <properties>
[...]
</properties>
  <testcase name="testSplitReturnsForNumbers" classname="com.epam.rd.autotasks.words.StringUtilTest" time="0.028"/>
  <testcase name="testJoinReturnNullForArrayOfEmptyStrings" classname="com.epam.rd.autotasks.words.StringUtilTest" time="0.001"/>
  <testcase name="testConvertReturnsForSample2" classname="com.epam.rd.autotasks.words.StringUtilTest" time="0.003"/>
  <testcase name="testConvertReturnsForSample3" classname="com.epam.rd.autotasks.words.StringUtilTest" time="0.007"/>
  <testcase name="testCountReturnsZeroForEmptySample" classname="com.epam.rd.autotasks.words.StringUtilTest" time="0.001"/>
  <testcase name="testSplitReturnsNullForSeparatingCharsString{String}[1]" classname="com.epam.rd.autotasks.words.StringUtilTest" time="0.022"/>
  <testcase name="testSplitReturnsNullForSeparatingCharsString{String}[2]" classname="com.epam.rd.autotasks.words.StringUtilTest" time="0.001"/>
  <testcase name="testSplitReturnsNullForSeparatingCharsString{String}[3]" classname="com.epam.rd.autotasks.words.StringUtilTest" time="0"/>
  <testcase name="testSplitReturnsNullForSeparatingCharsString{String}[4]" classname="com.epam.rd.autotasks.words.StringUtilTest" time="0.003"/>
  <testcase name="testSplitReturnsNullForSeparatingCharsString{String}[5]" classname="com.epam.rd.autotasks.words.StringUtilTest" time="0"/>
  <testcase name="testSplitReturnsNullForSeparatingCharsString{String}[6]" classname="com.epam.rd.autotasks.words.StringUtilTest" time="0"/>
  <testcase name="testSplitReturnsNullForSeparatingCharsString{String}[7]" classname="com.epam.rd.autotasks.words.StringUtilTest" time="0.001"/>
  <testcase name="testSplitReturnsNullForSeparatingCharsString{String}[8]" classname="com.epam.rd.autotasks.words.StringUtilTest" time="0.001"/>
  <testcase name="testSplitReturnsNullForSeparatingCharsString{String}[9]" classname="com.epam.rd.autotasks.words.StringUtilTest" time="0.001"/>
  <testcase name="testSplitReturnsNullForSeparatingCharsString{String}[10]" classname="com.epam.rd.autotasks.words.StringUtilTest" time="0"/>
  <testcase name="testSplitReturnsNullForSeparatingCharsString{String}[11]" classname="com.epam.rd.autotasks.words.StringUtilTest" time="0.001"/>
  <testcase name="testSplitReturnsNullForSeparatingCharsString{String}[12]" classname="com.epam.rd.autotasks.words.StringUtilTest" time="0.001"/>
  <testcase name="testSplitReturnsNullForSeparatingCharsString{String}[13]" classname="com.epam.rd.autotasks.words.StringUtilTest" time="0.001"/>
  <testcase name="testSplitReturnsNullForSeparatingCharsString{String}[14]" classname="com.epam.rd.autotasks.words.StringUtilTest" time="0.002"/>
  <testcase name="testSplitReturnsNullForSeparatingCharsString{String}[15]" classname="com.epam.rd.autotasks.words.StringUtilTest" time="0.001"/>
  <testcase name="testSplitReturnsNullForSeparatingCharsString{String}[16]" classname="com.epam.rd.autotasks.words.StringUtilTest" time="0.001"/>
  <testcase name="testCountReturnsForSeparatedParts" classname="com.epam.rd.autotasks.words.StringUtilTest" time="0"/>
  <testcase name="testConvertReturnsForWinToUnix{String, String}[1]" classname="com.epam.rd.autotasks.words.StringUtilTest" time="0.001"/>
  <testcase name="testConvertReturnsForWinToUnix{String, String}[2]" classname="com.epam.rd.autotasks.words.StringUtilTest" time="0.001"/>
  <testcase name="testConvertReturnsForWinToUnix{String, String}[3]" classname="com.epam.rd.autotasks.words.StringUtilTest" time="0.001"/>
  <testcase name="testConvertReturnsForWinToUnix{String, String}[4]" classname="com.epam.rd.autotasks.words.StringUtilTest" time="0.001"/>
  <testcase name="testConvertReturnsForWinToUnix{String, String}[5]" classname="com.epam.rd.autotasks.words.StringUtilTest" time="0.001"/>
  <testcase name="testConvertReturnsForWinToUnix{String, String}[6]" classname="com.epam.rd.autotasks.words.StringUtilTest" time="0.001"/>
  <testcase name="testConvertReturnsForWinToUnix{String, String}[7]" classname="com.epam.rd.autotasks.words.StringUtilTest" time="0.001"/>
  <testcase name="testConvertReturnsForWinToUnix{String, String}[8]" classname="com.epam.rd.autotasks.words.StringUtilTest" time="0.001"/>
  <testcase name="testConvertReturnsForWinToUnix{String, String}[9]" classname="com.epam.rd.autotasks.words.StringUtilTest" time="0.001"/>
  <testcase name="testConvertReturnsForWinToUnix{String, String}[10]" classname="com.epam.rd.autotasks.words.StringUtilTest" time="0"/>
  <testcase name="testConvertReturnsForWinToUnix{String, String}[11]" classname="com.epam.rd.autotasks.words.StringUtilTest" time="0.001"/>
  <testcase name="testJoinReturnsNullForNull" classname="com.epam.rd.autotasks.words.StringUtilTest" time="0.001"/>
  <testcase name="testConvertReturnsNullForEmptyPath" classname="com.epam.rd.autotasks.words.StringUtilTest" time="0.001"/>
  <testcase name="testSplitReturnsForTextStartingWithSeparators" classname="com.epam.rd.autotasks.words.StringUtilTest" time="0.002"/>
  <testcase name="testConvertReturnsForUnixToWin{String, String}[1]" classname="com.epam.rd.autotasks.words.StringUtilTest" time="0.001"/>
  <testcase name="testConvertReturnsForUnixToWin{String, String}[2]" classname="com.epam.rd.autotasks.words.StringUtilTest" time="0.001"/>
  <testcase name="testConvertReturnsForUnixToWin{String, String}[3]" classname="com.epam.rd.autotasks.words.StringUtilTest" time="0"/>
  <testcase name="testConvertReturnsForUnixToWin{String, String}[4]" classname="com.epam.rd.autotasks.words.StringUtilTest" time="0"/>
  <testcase name="testConvertReturnsForUnixToWin{String, String}[5]" classname="com.epam.rd.autotasks.words.StringUtilTest" time="0.001"/>
  <testcase name="testConvertReturnsForUnixToWin{String, String}[6]" classname="com.epam.rd.autotasks.words.StringUtilTest" time="0"/>
  <testcase name="testConvertReturnsForUnixToWin{String, String}[7]" classname="com.epam.rd.autotasks.words.StringUtilTest" time="0.004"/>
  <testcase name="testConvertReturnsForUnixToWin{String, String}[8]" classname="com.epam.rd.autotasks.words.StringUtilTest" time="0"/>
  <testcase name="testConvertReturnsForUnixToWin{String, String}[9]" classname="com.epam.rd.autotasks.words.StringUtilTest" time="0.001"/>
  <testcase name="testConvertReturnsForUnixToWin{String, String}[10]" classname="com.epam.rd.autotasks.words.StringUtilTest" time="0"/>
  <testcase name="testConvertReturnsForUnixToWin{String, String}[11]" classname="com.epam.rd.autotasks.words.StringUtilTest" time="0.001"/>
  <testcase name="testSplitReturnsNullForNullText" classname="com.epam.rd.autotasks.words.StringUtilTest" time="0.016"/>
  <testcase name="testSplitReturnsForTextEndingWithSeparators" classname="com.epam.rd.autotasks.words.StringUtilTest" time="0.001"/>
  <testcase name="testSplitReturnsForSample" classname="com.epam.rd.autotasks.words.StringUtilTest" time="0"/>
  <testcase name="testJoinReturnsForSample{String[], String}[1]" classname="com.epam.rd.autotasks.words.StringUtilTest" time="0"/>
  <testcase name="testJoinReturnsForSample{String[], String}[2]" classname="com.epam.rd.autotasks.words.StringUtilTest" time="0"/>
  <testcase name="testJoinReturnsForSample{String[], String}[3]" classname="com.epam.rd.autotasks.words.StringUtilTest" time="0.001"/>
  <testcase name="testJoinReturnsForSample{String[], String}[4]" classname="com.epam.rd.autotasks.words.StringUtilTest" time="0"/>
  <testcase name="testJoinReturnsForSample{String[], String}[5]" classname="com.epam.rd.autotasks.words.StringUtilTest" time="0.001"/>
  <testcase name="testSplitReturnsForSingleWord" classname="com.epam.rd.autotasks.words.StringUtilTest" time="0.001"/>
  <testcase name="testConvertReturnsNullForIllegalPath{String}[1]" classname="com.epam.rd.autotasks.words.StringUtilTest" time="0"/>
  <testcase name="testConvertReturnsNullForIllegalPath{String}[2]" classname="com.epam.rd.autotasks.words.StringUtilTest" time="0"/>
  <testcase name="testConvertReturnsNullForIllegalPath{String}[3]" classname="com.epam.rd.autotasks.words.StringUtilTest" time="0"/>
  <testcase name="testConvertReturnsNullForIllegalPath{String}[4]" classname="com.epam.rd.autotasks.words.StringUtilTest" time="0"/>
  <testcase name="testConvertReturnsNullForIllegalPath{String}[5]" classname="com.epam.rd.autotasks.words.StringUtilTest" time="0.001"/>
  <testcase name="testConvertReturnsNullForIllegalPath{String}[6]" classname="com.epam.rd.autotasks.words.StringUtilTest" time="0.001"/>
  <testcase name="testConvertReturnsNullForIllegalPath{String}[7]" classname="com.epam.rd.autotasks.words.StringUtilTest" time="0.002"/>
  <testcase name="testConvertReturnsNullForIllegalPath{String}[8]" classname="com.epam.rd.autotasks.words.StringUtilTest" time="0"/>
  <testcase name="testConvertReturnsForUnixToWinToUnix{String, String}[1]" classname="com.epam.rd.autotasks.words.StringUtilTest" time="0.001"/>
  <testcase name="testConvertReturnsForUnixToWinToUnix{String, String}[2]" classname="com.epam.rd.autotasks.words.StringUtilTest" time="0.001"/>
  <testcase name="testConvertReturnsForUnixToWinToUnix{String, String}[3]" classname="com.epam.rd.autotasks.words.StringUtilTest" time="0.001"/>
  <testcase name="testConvertReturnsForUnixToWinToUnix{String, String}[4]" classname="com.epam.rd.autotasks.words.StringUtilTest" time="0.001"/>
  <testcase name="testConvertReturnsForUnixToWinToUnix{String, String}[5]" classname="com.epam.rd.autotasks.words.StringUtilTest" time="0"/>
  <testcase name="testConvertReturnsForUnixToWinToUnix{String, String}[6]" classname="com.epam.rd.autotasks.words.StringUtilTest" time="0"/>
  <testcase name="testConvertReturnsForUnixToWinToUnix{String, String}[7]" classname="com.epam.rd.autotasks.words.StringUtilTest" time="0"/>
  <testcase name="testConvertReturnsForUnixToWinToUnix{String, String}[8]" classname="com.epam.rd.autotasks.words.StringUtilTest" time="0.001"/>
  <testcase name="testConvertReturnsForUnixToWinToUnix{String, String}[9]" classname="com.epam.rd.autotasks.words.StringUtilTest" time="0.001"/>
  <testcase name="testConvertReturnsForUnixToWinToUnix{String, String}[10]" classname="com.epam.rd.autotasks.words.StringUtilTest" time="0.001"/>
  <testcase name="testConvertReturnsForUnixToWinToUnix{String, String}[11]" classname="com.epam.rd.autotasks.words.StringUtilTest" time="0.001"/>
  <testcase name="testCountReturnsForSample2" classname="com.epam.rd.autotasks.words.StringUtilTest" time="0"/>
  <testcase name="testCountReturnsForSample3" classname="com.epam.rd.autotasks.words.StringUtilTest" time="0"/>
  <testcase name="testCountReturnsForSample4" classname="com.epam.rd.autotasks.words.StringUtilTest" time="0.001"/>
  <testcase name="testJoinReturnsNullForEmpty" classname="com.epam.rd.autotasks.words.StringUtilTest" time="0"/>
  <testcase name="testCountReturnsZeroForNullSample" classname="com.epam.rd.autotasks.words.StringUtilTest" time="0.001"/>
  <testcase name="testJoinReturnsForTwoWords" classname="com.epam.rd.autotasks.words.StringUtilTest" time="0"/>
  <testcase name="testCountReturnsForNumbers" classname="com.epam.rd.autotasks.words.StringUtilTest" time="0.001"/>
  <testcase name="testCountReturnsForSample" classname="com.epam.rd.autotasks.words.StringUtilTest" time="0"/>
  <testcase name="testConvertReturnsForWinToUnixToWin{String, String}[1]" classname="com.epam.rd.autotasks.words.StringUtilTest" time="0.001"/>
  <testcase name="testConvertReturnsForWinToUnixToWin{String, String}[2]" classname="com.epam.rd.autotasks.words.StringUtilTest" time="0.001"/>
  <testcase name="testConvertReturnsForWinToUnixToWin{String, String}[3]" classname="com.epam.rd.autotasks.words.StringUtilTest" time="0"/>
  <testcase name="testConvertReturnsForWinToUnixToWin{String, String}[4]" classname="com.epam.rd.autotasks.words.StringUtilTest" time="0.001"/>
  <testcase name="testConvertReturnsForWinToUnixToWin{String, String}[5]" classname="com.epam.rd.autotasks.words.StringUtilTest" time="0"/>
  <testcase name="testConvertReturnsForWinToUnixToWin{String, String}[6]" classname="com.epam.rd.autotasks.words.StringUtilTest" time="0.001"/>
  <testcase name="testConvertReturnsForWinToUnixToWin{String, String}[7]" classname="com.epam.rd.autotasks.words.StringUtilTest" time="0.001"/>
  <testcase name="testConvertReturnsForWinToUnixToWin{String, String}[8]" classname="com.epam.rd.autotasks.words.StringUtilTest" time="0"/>
  <testcase name="testConvertReturnsForWinToUnixToWin{String, String}[9]" classname="com.epam.rd.autotasks.words.StringUtilTest" time="0.001"/>
  <testcase name="testConvertReturnsForWinToUnixToWin{String, String}[10]" classname="com.epam.rd.autotasks.words.StringUtilTest" time="0.001"/>
  <testcase name="testConvertReturnsForWinToUnixToWin{String, String}[11]" classname="com.epam.rd.autotasks.words.StringUtilTest" time="0.003"/>
  <testcase name="testCountReturnsZeroForNullWords" classname="com.epam.rd.autotasks.words.StringUtilTest" time="0.001"/>
  <testcase name="testSplitReturnsNullForEmptyText" classname="com.epam.rd.autotasks.words.StringUtilTest" time="0"/>
  <testcase name="testConvertReturnsForSample" classname="com.epam.rd.autotasks.words.StringUtilTest" time="0"/>
  <testcase name="testSplitReturnsForUpperCaseText" classname="com.epam.rd.autotasks.words.StringUtilTest" time="0.001"/>
  <testcase name="testJoinReturnsForSingleWord" classname="com.epam.rd.autotasks.words.StringUtilTest" time="0.001"/>
  <testcase name="testConvertReturnsNullForNullPath" classname="com.epam.rd.autotasks.words.StringUtilTest" time="0"/>
  <testcase name="testCountReturnsZeroForEmptyWords" classname="com.epam.rd.autotasks.words.StringUtilTest" time="0.001"/>
</testsuite>