<?xml version="1.0" encoding="UTF-8"?>
<testsuite xmlns:xsi="http://www.w3.org/2001/XMLSchema-instance" xsi:noNamespaceSchemaLocation="https://maven.apache.org/surefire/maven-surefire-plugin/xsd/surefire-test-report.xsd" name="com.epam.rd.autotasks.sequence.FindMaxInSeqTests" time="0.041" tests="10" errors="0" skipped="0" failures="10">
  <properties>
[...]
</properties>
  <testcase name="testNegativeDuplicatedMaximum" classname="com.epam.rd.autotasks.sequence.FindMaxInSeqTests" time="0.025">
    <failure message="expected: &lt;-1&gt; but was: &lt;-2147483648&gt;" type="org.opentest4j.AssertionFailedError"><![CDATA[org.opentest4j.AssertionFailedError: expected: <-1> but was: <-2147483648>
	at com.epam.rd.autotasks.sequence.FindMaxInSeqTests.testNegativeDuplicatedMaximum(FindMaxInSeqTests.java:62)
]]></failure>
  </testcase>
  <testcase name="testPolydigitNumbers" classname="com.epam.rd.autotasks.sequence.FindMaxInSeqTests" time="0.001">
    <failure message="expected: &lt;431&gt; but was: &lt;-2147483648&gt;" type="org.opentest4j.AssertionFailedError"><![CDATA[org.opentest4j.AssertionFailedError: expected: <431> but was: <-2147483648>
	at com.epam.rd.autotasks.sequence.FindMaxInSeqTests.testPolydigitNumbers(FindMaxInSeqTests.java:84)
]]></failure>
  </testcase>
  <testcase name="testSeq11" classname="com.epam.rd.autotasks.sequence.FindMaxInSeqTests" time="0.001">
    <failure message="expected: &lt;12&gt; but was: &lt;-2147483648&gt;" type="org.opentest4j.AssertionFailedError"><![CDATA[org.opentest4j.AssertionFailedError: expected: <12> but was: <-2147483648>
	at com.epam.rd.autotasks.sequence.FindMaxInSeqTests.testSeq11(FindMaxInSeqTests.java:18)
]]></failure>
  </testcase>
  <testcase name="testSeq12" classname="com.epam.rd.autotasks.sequence.FindMaxInSeqTests" time="0.001">
    <failure message="expected: &lt;9&gt; but was: &lt;-2147483648&gt;" type="org.opentest4j.AssertionFailedError"><![CDATA[org.opentest4j.AssertionFailedError: expected: <9> but was: <-2147483648>
	at com.epam.rd.autotasks.sequence.FindMaxInSeqTests.testSeq12(FindMaxInSeqTests.java:29)
]]></failure>
  </testcase>
  <testcase name="oneNumberSequence1" classname="com.epam.rd.autotasks.sequence.FindMaxInSeqTests" time="0.001">
    <failure message="expected: &lt;34567&gt; but was: &lt;-2147483648&gt;" type="org.opentest4j.AssertionFailedError"><![CDATA[org.opentest4j.AssertionFailedError: expected: <34567> but was: <-2147483648>
	at com.epam.rd.autotasks.sequence.FindMaxInSeqTests.oneNumberSequence1(FindMaxInSeqTests.java:95)
]]></failure>
  </testcase>
  <testcase name="oneNumberSequence2" classname="com.epam.rd.autotasks.sequence.FindMaxInSeqTests" time="0.001">
    <failure message="expected: &lt;-934567&gt; but was: &lt;-2147483648&gt;" type="org.opentest4j.AssertionFailedError"><![CDATA[org.opentest4j.AssertionFailedError: expected: <-934567> but was: <-2147483648>
	at com.epam.rd.autotasks.sequence.FindMaxInSeqTests.oneNumberSequence2(FindMaxInSeqTests.java:106)
]]></failure>
  </testcase>
  <testcase name="testHavingIntegerMaxValue" classname="com.epam.rd.autotasks.sequence.FindMaxInSeqTests" time="0.001">
    <failure message="expected: &lt;2147483647&gt; but was: &lt;-2147483648&gt;" type="org.opentest4j.AssertionFailedError"><![CDATA[org.opentest4j.AssertionFailedError: expected: <2147483647> but was: <-2147483648>
	at com.epam.rd.autotasks.sequence.FindMaxInSeqTests.testHavingIntegerMaxValue(FindMaxInSeqTests.java:118)
]]></failure>
  </testcase>
  <testcase name="testNegativeMaximum" classname="com.epam.rd.autotasks.sequence.FindMaxInSeqTests" time="0.001">
    <failure message="expected: &lt;-1&gt; but was: &lt;-2147483648&gt;" type="org.opentest4j.AssertionFailedError"><![CDATA[org.opentest4j.AssertionFailedError: expected: <-1> but was: <-2147483648>
	at com.epam.rd.autotasks.sequence.FindMaxInSeqTests.testNegativeMaximum(FindMaxInSeqTests.java:51)
]]></failure>
  </testcase>
  <testcase name="testNegativeValues" classname="com.epam.rd.autotasks.sequence.FindMaxInSeqTests" time="0">
    <failure message="expected: &lt;4&gt; but was: &lt;-2147483648&gt;" type="org.opentest4j.AssertionFailedError"><![CDATA[org.opentest4j.AssertionFailedError: expected: <4> but was: <-2147483648>
	at com.epam.rd.autotasks.sequence.FindMaxInSeqTests.testNegativeValues(FindMaxInSeqTests.java:40)
]]></failure>
  </testcase>
  <testcase name="testDuplicatedMaximum" classname="com.epam.rd.autotasks.sequence.FindMaxInSeqTests" time="0">
    <failure message="expected: &lt;9&gt; but was: &lt;-2147483648&gt;" type="org.opentest4j.AssertionFailedError"><![CDATA[org.opentest4j.AssertionFailedError: expected: <9> but was: <-2147483648>
	at com.epam.rd.autotasks.sequence.FindMaxInSeqTests.testDuplicatedMaximum(FindMaxInSeqTests.java:73)
]]></failure>
  </testcase>
</testsuite>