<?xml version="1.0" encoding="UTF-8"?>
<testsuite xmlns:xsi="http://www.w3.org/2001/XMLSchema-instance" xsi:noNamespaceSchemaLocation="https://maven.apache.org/surefire/maven-surefire-plugin/xsd/surefire-test-report.xsd" name="com.epam.rd.autotasks.figures.CircleTest" time="0.136" tests="21" errors="0" skipped="0" failures="0">
  <properties>
[...]
</properties>
  <testcase name="testLeftmost{double, double, Circle}[1]" classname="com.epam.rd.autotasks.figures.CircleTest" time="0.03"/>
  <testcase name="testLeftmost{double, double, Circle}[2]" classname="com.epam.rd.autotasks.figures.CircleTest" time="0.001"/>
  <testcase name="testLeftmost{double, double, Circle}[3]" classname="com.epam.rd.autotasks.figures.CircleTest" time="0.001"/>
  <testcase name="testLeftmost{double, double, Circle}[4]" classname="com.epam.rd.autotasks.figures.CircleTest" time="0.001"/>
  <testcase name="testLeftmost{double, double, Circle}[5]" classname="com.epam.rd.autotasks.figures.CircleTest" time="0.001"/>
  <testcase name="testArea{double, Circle}[1]" classname="com.epam.rd.autotasks.figures.CircleTest" time="0"/>
  <testcase name="testArea{double, Circle}[2]" classname="com.epam.rd.autotasks.figures.CircleTest" time="0.001"/>
  <testcase name="testArea{double, Circle}[3]" classname="com.epam.rd.autotasks.figures.CircleTest" time="0.001"/>
  <testcase name="testArea{double, Circle}[4]" classname="com.epam.rd.autotasks.figures.CircleTest" time="0.001"/>
  <testcase name="testArea{double, Circle}[5]" classname="com.epam.rd.autotasks.figures.CircleTest" time="0"/>
  <testcase name="testToString{String, Circle}[1]" classname="com.epam.rd.autotasks.figures.CircleTest" time="0.001"/>
  <testcase name="testToString{String, Circle}[2]" classname="com.epam.rd.autotasks.figures.CircleTest" time="0"/>
  <testcase name="testToString{String, Circle}[3]" classname="com.epam.rd.autotasks.figures.CircleTest" time="0"/>
  <testcase name="testToString{String, Circle}[4]" classname="com.epam.rd.autotasks.figures.CircleTest" time="0"/>
  <testcase name="testToString{String, Circle}[5]" classname="com.epam.rd.autotasks.figures.CircleTest" time="0"/>
  <testcase name="testPoints{String, Circle}[1]" classname="com.epam.rd.autotasks.figures.CircleTest" time="0.011"/>
  <testcase name="testPoints{String, Circle}[2]" classname="com.epam.rd.autotasks.figures.CircleTest" time="0"/>
  <testcase name="testPoints{String, Circle}[3]" classname="com.epam.rd.autotasks.figures.CircleTest" time="0.001"/>
  <testcase name="testPoints{String, Circle}[4]" classname="com.epam.rd.autotasks.figures.CircleTest" time="0"/>
  <testcase name="testPoints{String, Circle}[5]" classname="com.epam.rd.autotasks.figures.CircleTest" time="0.001"/>
  <testcase name="testConstructor" classname="com.epam.rd.autotasks.figures.CircleTest" time="0.002"/>
</testsuite>