<?xml version="1.0" encoding="UTF-8"?>
<testsuite xmlns:xsi="http://www.w3.org/2001/XMLSchema-instance" xsi:noNamespaceSchemaLocation="https://maven.apache.org/surefire/maven-surefire-plugin/xsd/surefire-test-report.xsd" name="edu.epam.fop.lambdas.calculator.CarInsuranceCalculatorTest" time="0.129" tests="25" errors="0" skipped="0" failures="0">
  <properties>
[...]
</properties>
  <testcase name="testPriceAndOwningOfFreshCarInsurance{InsuranceCalculator, Car, InsuranceCoefficient}[1]" classname="edu.epam.fop.lambdas.calculator.CarInsuranceCalculatorTest" time="0.026"/>
  <testcase name="testPriceAndOwningOfFreshCarInsurance{InsuranceCalculator, Car, InsuranceCoefficient}[2]" classname="edu.epam.fop.lambdas.calculator.CarInsuranceCalculatorTest" time="0.002"/>
  <testcase name="testPriceAndOwningOfFreshCarInsurance{InsuranceCalculator, Car, InsuranceCoefficient}[3]" classname="edu.epam.fop.lambdas.calculator.CarInsuranceCalculatorTest" time="0.001"/>
  <testcase name="testPriceAndOwningOfFreshCarInsurance{InsuranceCalculator, Car, InsuranceCoefficient}[4]" classname="edu.epam.fop.lambdas.calculator.CarInsuranceCalculatorTest" time="0.001"/>
  <testcase name="testPriceAndOwningOfFreshCarInsurance{InsuranceCalculator, Car, InsuranceCoefficient}[5]" classname="edu.epam.fop.lambdas.calculator.CarInsuranceCalculatorTest" time="0.002"/>
  <testcase name="testPriceAndOwningOfFreshCarInsurance{InsuranceCalculator, Car, InsuranceCoefficient}[6]" classname="edu.epam.fop.lambdas.calculator.CarInsuranceCalculatorTest" time="0.009"/>
  <testcase name="testPriceAndOwningOfFreshCarInsurance{InsuranceCalculator, Car, InsuranceCoefficient}[7]" classname="edu.epam.fop.lambdas.calculator.CarInsuranceCalculatorTest" time="0"/>
  <testcase name="testPriceAndOwningOfFreshCarInsurance{InsuranceCalculator, Car, InsuranceCoefficient}[8]" classname="edu.epam.fop.lambdas.calculator.CarInsuranceCalculatorTest" time="0.002"/>
  <testcase name="testPriceAndOwningOfFreshCarInsurance{InsuranceCalculator, Car, InsuranceCoefficient}[9]" classname="edu.epam.fop.lambdas.calculator.CarInsuranceCalculatorTest" time="0.001"/>
  <testcase name="testPriceAndOwningOfFreshCarInsurance{InsuranceCalculator, Car, InsuranceCoefficient}[10]" classname="edu.epam.fop.lambdas.calculator.CarInsuranceCalculatorTest" time="0.001"/>
  <testcase name="testPriceAndOwningOfFreshCarInsurance{InsuranceCalculator, Car, InsuranceCoefficient}[11]" classname="edu.epam.fop.lambdas.calculator.CarInsuranceCalculatorTest" time="0"/>
  <testcase name="testAgeDependentCar{InsuranceCalculator, Car, InsuranceCoefficient}[1]" classname="edu.epam.fop.lambdas.calculator.CarInsuranceCalculatorTest" time="0"/>
  <testcase name="testAgeDependentCar{InsuranceCalculator, Car, InsuranceCoefficient}[2]" classname="edu.epam.fop.lambdas.calculator.CarInsuranceCalculatorTest" time="0.001"/>
  <testcase name="testAgeDependentCar{InsuranceCalculator, Car, InsuranceCoefficient}[3]" classname="edu.epam.fop.lambdas.calculator.CarInsuranceCalculatorTest" time="0.001"/>
  <testcase name="testAgeDependentCar{InsuranceCalculator, Car, InsuranceCoefficient}[4]" classname="edu.epam.fop.lambdas.calculator.CarInsuranceCalculatorTest" time="0.001"/>
  <testcase name="testAgeDependentCar{InsuranceCalculator, Car, InsuranceCoefficient}[5]" classname="edu.epam.fop.lambdas.calculator.CarInsuranceCalculatorTest" time="0.001"/>
  <testcase name="testAgeDependentCar{InsuranceCalculator, Car, InsuranceCoefficient}[6]" classname="edu.epam.fop.lambdas.calculator.CarInsuranceCalculatorTest" time="0.001"/>
  <testcase name="testAgeDependentCar{InsuranceCalculator, Car, InsuranceCoefficient}[7]" classname="edu.epam.fop.lambdas.calculator.CarInsuranceCalculatorTest" time="0.001"/>
  <testcase name="testAgeDependentCar{InsuranceCalculator, Car, InsuranceCoefficient}[8]" classname="edu.epam.fop.lambdas.calculator.CarInsuranceCalculatorTest" time="0.001"/>
  <testcase name="testAgeDependentCar{InsuranceCalculator, Car, InsuranceCoefficient}[9]" classname="edu.epam.fop.lambdas.calculator.CarInsuranceCalculatorTest" time="0.001"/>
  <testcase name="testAgeDependentCar{InsuranceCalculator, Car, InsuranceCoefficient}[10]" classname="edu.epam.fop.lambdas.calculator.CarInsuranceCalculatorTest" time="0.001"/>
  <testcase name="testAgeDependentCar{InsuranceCalculator, Car, InsuranceCoefficient}[11]" classname="edu.epam.fop.lambdas.calculator.CarInsuranceCalculatorTest" time="0"/>
  <testcase name="testAgeDependentCar{InsuranceCalculator, Car, InsuranceCoefficient}[12]" classname="edu.epam.fop.lambdas.calculator.CarInsuranceCalculatorTest" time="0"/>
  <testcase name="testAgeDependentCar{InsuranceCalculator, Car, InsuranceCoefficient}[13]" classname="edu.epam.fop.lambdas.calculator.CarInsuranceCalculatorTest" time="0"/>
  <testcase name="testAgeDependentCar{InsuranceCalculator, Car, InsuranceCoefficient}[14]" classname="edu.epam.fop.lambdas.calculator.CarInsuranceCalculatorTest" time="0.001"/>
</testsuite>