<?xml version="1.0" encoding="UTF-8"?>
<testsuite xmlns:xsi="http://www.w3.org/2001/XMLSchema-instance" xsi:noNamespaceSchemaLocation="https://maven.apache.org/surefire/maven-surefire-plugin/xsd/surefire-test-report.xsd" name="com.epam.rd.autotasks.collections.map.ComplianceTest" time="1.073" tests="5" errors="0" skipped="0" failures="0">
  <properties>
[...]
</properties>
  <testcase name="testComplianceFori" classname="com.epam.rd.autotasks.collections.map.ComplianceTest" time="0.022"/>
  <testcase name="testComplianceLambda" classname="com.epam.rd.autotasks.collections.map.ComplianceTest" time="0.004"/>
  <testcase name="testNoMorePublicMethods" classname="com.epam.rd.autotasks.collections.map.ComplianceTest" time="0.009"/>
  <testcase name="testNoArrays" classname="com.epam.rd.autotasks.collections.map.ComplianceTest" time="0.007"/>
  <testcase name="testNoMoreFieldsInImpl" classname="com.epam.rd.autotasks.collections.map.ComplianceTest" time="0.006"/>
</testsuite>