<?xml version="1.0" encoding="UTF-8"?>
<testsuite xmlns:xsi="http://www.w3.org/2001/XMLSchema-instance" xsi:noNamespaceSchemaLocation="https://maven.apache.org/surefire/maven-surefire-plugin/xsd/surefire-test-report.xsd" name="com.epam.rd.autotasks.validations.ColorCodeValidationTest" time="0.089" tests="22" errors="0" skipped="0" failures="0">
  <properties>
[...]
</properties>
  <testcase name="validateHexValidCases{String}[1]" classname="com.epam.rd.autotasks.validations.ColorCodeValidationTest" time="0.028"/>
  <testcase name="validateHexValidCases{String}[2]" classname="com.epam.rd.autotasks.validations.ColorCodeValidationTest" time="0.001"/>
  <testcase name="validateHexValidCases{String}[3]" classname="com.epam.rd.autotasks.validations.ColorCodeValidationTest" time="0.001"/>
  <testcase name="validateHexValidCases{String}[4]" classname="com.epam.rd.autotasks.validations.ColorCodeValidationTest" time="0.002"/>
  <testcase name="validateHexValidCases{String}[5]" classname="com.epam.rd.autotasks.validations.ColorCodeValidationTest" time="0.001"/>
  <testcase name="validateHexValidCases{String}[6]" classname="com.epam.rd.autotasks.validations.ColorCodeValidationTest" time="0"/>
  <testcase name="validateHexValidCases{String}[7]" classname="com.epam.rd.autotasks.validations.ColorCodeValidationTest" time="0"/>
  <testcase name="validateHexValidCases{String}[8]" classname="com.epam.rd.autotasks.validations.ColorCodeValidationTest" time="0.001"/>
  <testcase name="validateHexValidCases{String}[9]" classname="com.epam.rd.autotasks.validations.ColorCodeValidationTest" time="0.001"/>
  <testcase name="validateHexValidCases{String}[10]" classname="com.epam.rd.autotasks.validations.ColorCodeValidationTest" time="0.001"/>
  <testcase name="validateHexValidCases{String}[11]" classname="com.epam.rd.autotasks.validations.ColorCodeValidationTest" time="0.001"/>
  <testcase name="validateHexInvalidCases{String}[1]" classname="com.epam.rd.autotasks.validations.ColorCodeValidationTest" time="0"/>
  <testcase name="validateHexInvalidCases{String}[2]" classname="com.epam.rd.autotasks.validations.ColorCodeValidationTest" time="0"/>
  <testcase name="validateHexInvalidCases{String}[3]" classname="com.epam.rd.autotasks.validations.ColorCodeValidationTest" time="0"/>
  <testcase name="validateHexInvalidCases{String}[4]" classname="com.epam.rd.autotasks.validations.ColorCodeValidationTest" time="0.001"/>
  <testcase name="validateHexInvalidCases{String}[5]" classname="com.epam.rd.autotasks.validations.ColorCodeValidationTest" time="0.001"/>
  <testcase name="validateHexInvalidCases{String}[6]" classname="com.epam.rd.autotasks.validations.ColorCodeValidationTest" time="0"/>
  <testcase name="validateHexInvalidCases{String}[7]" classname="com.epam.rd.autotasks.validations.ColorCodeValidationTest" time="0.001"/>
  <testcase name="validateHexInvalidCases{String}[8]" classname="com.epam.rd.autotasks.validations.ColorCodeValidationTest" time="0.001"/>
  <testcase name="validateHexInvalidCases{String}[9]" classname="com.epam.rd.autotasks.validations.ColorCodeValidationTest" time="0.001"/>
  <testcase name="validateHexInvalidCases{String}[10]" classname="com.epam.rd.autotasks.validations.ColorCodeValidationTest" time="0.001"/>
  <testcase name="validateHexInvalidCases{String}[11]" classname="com.epam.rd.autotasks.validations.ColorCodeValidationTest" time="0"/>
</testsuite>