<?xml version="1.0" encoding="UTF-8"?>
<testsuite xmlns:xsi="http://www.w3.org/2001/XMLSchema-instance" xsi:noNamespaceSchemaLocation="https://maven.apache.org/surefire/maven-surefire-plugin/xsd/surefire-test-report.xsd" name="com.epam.rd.autotasks.sprintplanning.tickets.TicketTest" time="0.044" tests="2" errors="0" skipped="0" failures="2">
  <properties>
[...]
</properties>
  <testcase name="testTicketGeneralApi" classname="com.epam.rd.autotasks.sprintplanning.tickets.TicketTest" time="0.031">
    <failure message="expected: &lt;false&gt; but was: &lt;true&gt;" type="org.opentest4j.AssertionFailedError"><![CDATA[org.opentest4j.AssertionFailedError: expected: <false> but was: <true>
	at com.epam.rd.autotasks.sprintplanning.tickets.TicketTest.testTicketGeneralApi(TicketTest.java:22)
]]></failure>
  </testcase>
  <testcase name="testComplete" classname="com.epam.rd.autotasks.sprintplanning.tickets.TicketTest" time="0">
    <failure message="expected: &lt;false&gt; but was: &lt;true&gt;" type="org.opentest4j.AssertionFailedError"><![CDATA[org.opentest4j.AssertionFailedError: expected: <false> but was: <true>
	at com.epam.rd.autotasks.sprintplanning.tickets.TicketTest.testComplete(TicketTest.java:40)
]]></failure>
  </testcase>
</testsuite>