<?xml version="1.0" encoding="UTF-8"?>
<testsuite xmlns:xsi="http://www.w3.org/2001/XMLSchema-instance" xsi:noNamespaceSchemaLocation="https://maven.apache.org/surefire/maven-surefire-plugin/xsd/surefire-test-report.xsd" name="com.epam.autotasks.ConsoleReaderTest" time="0.141" tests="18" errors="0" skipped="0" failures="0">
  <properties>
[...]
</properties>
  <testcase name="shouldReturnNumbersAndCountWhenValidValues{String, String}[1]" classname="com.epam.autotasks.ConsoleReaderTest" time="0.038"/>
  <testcase name="shouldReturnNumbersAndCountWhenValidValues{String, String}[2]" classname="com.epam.autotasks.ConsoleReaderTest" time="0.001"/>
  <testcase name="shouldReturnNumbersAndCountWhenValidValues{String, String}[3]" classname="com.epam.autotasks.ConsoleReaderTest" time="0.002"/>
  <testcase name="shouldReturnNumbersAndCountWhenValidValues{String, String}[4]" classname="com.epam.autotasks.ConsoleReaderTest" time="0.001"/>
  <testcase name="shouldThrowExceptionWheInvalidValues{String}[1]" classname="com.epam.autotasks.ConsoleReaderTest" time="0.004"/>
  <testcase name="shouldThrowExceptionWheInvalidValues{String}[2]" classname="com.epam.autotasks.ConsoleReaderTest" time="0.001"/>
  <testcase name="shouldThrowExceptionWheInvalidValues{String}[3]" classname="com.epam.autotasks.ConsoleReaderTest" time="0"/>
  <testcase name="shouldThrowExceptionWheInvalidValues{String}[4]" classname="com.epam.autotasks.ConsoleReaderTest" time="0"/>
  <testcase name="shouldThrowExceptionWheInvalidValues{List}[1]" classname="com.epam.autotasks.ConsoleReaderTest" time="0.003"/>
  <testcase name="shouldThrowExceptionWheInvalidValues{List}[2]" classname="com.epam.autotasks.ConsoleReaderTest" time="0.001"/>
  <testcase name="shouldThrowExceptionWheInvalidValues{List}[3]" classname="com.epam.autotasks.ConsoleReaderTest" time="0.001"/>
  <testcase name="shouldThrowExceptionWheInvalidValues{List}[4]" classname="com.epam.autotasks.ConsoleReaderTest" time="0.001"/>
  <testcase name="shouldReturnNameCountWhenValidValues{String, List}[1]" classname="com.epam.autotasks.ConsoleReaderTest" time="0.001"/>
  <testcase name="shouldReturnNameCountWhenValidValues{String, List}[2]" classname="com.epam.autotasks.ConsoleReaderTest" time="0.001"/>
  <testcase name="shouldReturnNameCountWhenValidValues{String, List}[3]" classname="com.epam.autotasks.ConsoleReaderTest" time="0.002"/>
  <testcase name="shouldReturnNameCountWhenValidValues{String, List}[4]" classname="com.epam.autotasks.ConsoleReaderTest" time="0.002"/>
  <testcase name="shouldReturnNameCountWhenValidValues{String, List}[5]" classname="com.epam.autotasks.ConsoleReaderTest" time="0"/>
  <testcase name="shouldReturnNameCountWhenValidValues{String, List}[6]" classname="com.epam.autotasks.ConsoleReaderTest" time="0"/>
</testsuite>