<?xml version="1.0" encoding="UTF-8"?>
<testsuite xmlns:xsi="http://www.w3.org/2001/XMLSchema-instance" xsi:noNamespaceSchemaLocation="https://maven.apache.org/surefire/maven-surefire-plugin/xsd/surefire-test-report-3.0.xsd" version="3.0" name="com.epam.rd.autotasks.requirements.RequirementsTest" time="0.033" tests="4" errors="0" skipped="0" failures="0">
  <properties>
[...]
</properties>
  <testcase name="checkStateTest" classname="com.epam.rd.autotasks.requirements.RequirementsTest" time="0.019"/>
  <testcase name="checkElementIndex" classname="com.epam.rd.autotasks.requirements.RequirementsTest" time="0.001"/>
  <testcase name="requireNonNullTest" classname="com.epam.rd.autotasks.requirements.RequirementsTest" time="0.001"/>
  <testcase name="checkArgumentTest" classname="com.epam.rd.autotasks.requirements.RequirementsTest" time="0.003"/>
</testsuite>