<?xml version="1.0" encoding="UTF-8"?>
<testsuite xmlns:xsi="http://www.w3.org/2001/XMLSchema-instance" xsi:noNamespaceSchemaLocation="https://maven.apache.org/surefire/maven-surefire-plugin/xsd/surefire-test-report.xsd" name="com.epam.rd.autotasks.collections.BirthJournalManagementImplTest" time="0.355" tests="39" errors="0" skipped="0" failures="0">
  <properties>
[...]
</properties>
  <testcase name="testAddEntryOfBaby" classname="com.epam.rd.autotasks.collections.BirthJournalManagementImplTest" time="0.036"/>
  <testcase name="testFindBabyWithSmallestHeight{int, String, String}[1]" classname="com.epam.rd.autotasks.collections.BirthJournalManagementImplTest" time="0.029"/>
  <testcase name="testFindBabyWithSmallestHeight{int, String, String}[2]" classname="com.epam.rd.autotasks.collections.BirthJournalManagementImplTest" time="0.002"/>
  <testcase name="testFindBabyWithSmallestHeight{int, String, String}[3]" classname="com.epam.rd.autotasks.collections.BirthJournalManagementImplTest" time="0.002"/>
  <testcase name="testFindBabyWithSmallestHeight{int, String, String}[4]" classname="com.epam.rd.autotasks.collections.BirthJournalManagementImplTest" time="0.001"/>
  <testcase name="testFindBabyWithSmallestHeight{int, String, String}[5]" classname="com.epam.rd.autotasks.collections.BirthJournalManagementImplTest" time="0.002"/>
  <testcase name="testFindBabyWithSmallestHeight{int, String, String}[6]" classname="com.epam.rd.autotasks.collections.BirthJournalManagementImplTest" time="0.002"/>
  <testcase name="testFindBabyWithSmallestHeight{int, String, String}[7]" classname="com.epam.rd.autotasks.collections.BirthJournalManagementImplTest" time="0.003"/>
  <testcase name="testFindBabyWithSmallestHeight{int, String, String}[8]" classname="com.epam.rd.autotasks.collections.BirthJournalManagementImplTest" time="0.002"/>
  <testcase name="testFindBabyWithSmallestHeight{int, String, String}[9]" classname="com.epam.rd.autotasks.collections.BirthJournalManagementImplTest" time="0.001"/>
  <testcase name="testFindBabyWithSmallestHeight{int, String, String}[10]" classname="com.epam.rd.autotasks.collections.BirthJournalManagementImplTest" time="0.002"/>
  <testcase name="testFindBabyWithSmallestHeight{int, String, String}[11]" classname="com.epam.rd.autotasks.collections.BirthJournalManagementImplTest" time="0.002"/>
  <testcase name="testFindBabyWithSmallestHeight{int, String, String}[12]" classname="com.epam.rd.autotasks.collections.BirthJournalManagementImplTest" time="0.001"/>
  <testcase name="testFindBabiesByBirthTime{int, String, String, String}[1]" classname="com.epam.rd.autotasks.collections.BirthJournalManagementImplTest" time="0.022"/>
  <testcase name="testFindBabiesByBirthTime{int, String, String, String}[2]" classname="com.epam.rd.autotasks.collections.BirthJournalManagementImplTest" time="0.002"/>
  <testcase name="testFindBabiesByBirthTime{int, String, String, String}[3]" classname="com.epam.rd.autotasks.collections.BirthJournalManagementImplTest" time="0.002"/>
  <testcase name="testFindBabiesByBirthTime{int, String, String, String}[4]" classname="com.epam.rd.autotasks.collections.BirthJournalManagementImplTest" time="0.002"/>
  <testcase name="testFindBabiesByBirthTime{int, String, String, String}[5]" classname="com.epam.rd.autotasks.collections.BirthJournalManagementImplTest" time="0.002"/>
  <testcase name="testFindBabiesByBirthTime{int, String, String, String}[6]" classname="com.epam.rd.autotasks.collections.BirthJournalManagementImplTest" time="0.002"/>
  <testcase name="testFindBabiesByBirthTime{int, String, String, String}[7]" classname="com.epam.rd.autotasks.collections.BirthJournalManagementImplTest" time="0.002"/>
  <testcase name="testFindBabiesByBirthTime{int, String, String, String}[8]" classname="com.epam.rd.autotasks.collections.BirthJournalManagementImplTest" time="0.001"/>
  <testcase name="testFindBabiesByBirthTime{int, String, String, String}[9]" classname="com.epam.rd.autotasks.collections.BirthJournalManagementImplTest" time="0.002"/>
  <testcase name="testFindBabiesByBirthTime{int, String, String, String}[10]" classname="com.epam.rd.autotasks.collections.BirthJournalManagementImplTest" time="0.001"/>
  <testcase name="testFindBabiesByBirthTime{int, String, String, String}[11]" classname="com.epam.rd.autotasks.collections.BirthJournalManagementImplTest" time="0.001"/>
  <testcase name="testFindBabiesByBirthTime{int, String, String, String}[12]" classname="com.epam.rd.autotasks.collections.BirthJournalManagementImplTest" time="0.001"/>
  <testcase name="testAmountBabies" classname="com.epam.rd.autotasks.collections.BirthJournalManagementImplTest" time="0.001"/>
  <testcase name="testFindBabiesByBirthTime2{int, String, String, String}[1]" classname="com.epam.rd.autotasks.collections.BirthJournalManagementImplTest" time="0.002"/>
  <testcase name="testFindBabyWithHighestWeight{int, String, String}[1]" classname="com.epam.rd.autotasks.collections.BirthJournalManagementImplTest" time="0.003"/>
  <testcase name="testFindBabyWithHighestWeight{int, String, String}[2]" classname="com.epam.rd.autotasks.collections.BirthJournalManagementImplTest" time="0.001"/>
  <testcase name="testFindBabyWithHighestWeight{int, String, String}[3]" classname="com.epam.rd.autotasks.collections.BirthJournalManagementImplTest" time="0.001"/>
  <testcase name="testFindBabyWithHighestWeight{int, String, String}[4]" classname="com.epam.rd.autotasks.collections.BirthJournalManagementImplTest" time="0.002"/>
  <testcase name="testFindBabyWithHighestWeight{int, String, String}[5]" classname="com.epam.rd.autotasks.collections.BirthJournalManagementImplTest" time="0.001"/>
  <testcase name="testFindBabyWithHighestWeight{int, String, String}[6]" classname="com.epam.rd.autotasks.collections.BirthJournalManagementImplTest" time="0.001"/>
  <testcase name="testFindBabyWithHighestWeight{int, String, String}[7]" classname="com.epam.rd.autotasks.collections.BirthJournalManagementImplTest" time="0.001"/>
  <testcase name="testFindBabyWithHighestWeight{int, String, String}[8]" classname="com.epam.rd.autotasks.collections.BirthJournalManagementImplTest" time="0.001"/>
  <testcase name="testFindBabyWithHighestWeight{int, String, String}[9]" classname="com.epam.rd.autotasks.collections.BirthJournalManagementImplTest" time="0.001"/>
  <testcase name="testFindBabyWithHighestWeight{int, String, String}[10]" classname="com.epam.rd.autotasks.collections.BirthJournalManagementImplTest" time="0.001"/>
  <testcase name="testFindBabyWithHighestWeight{int, String, String}[11]" classname="com.epam.rd.autotasks.collections.BirthJournalManagementImplTest" time="0.001"/>
  <testcase name="testFindBabyWithHighestWeight{int, String, String}[12]" classname="com.epam.rd.autotasks.collections.BirthJournalManagementImplTest" time="0.001"/>
</testsuite>