<?xml version="1.0" encoding="UTF-8"?>
<testsuite xmlns:xsi="http://www.w3.org/2001/XMLSchema-instance" xsi:noNamespaceSchemaLocation="https://maven.apache.org/surefire/maven-surefire-plugin/xsd/surefire-test-report.xsd" name="com.epam.rd.autotasks.collections.map.BooksCatalogTest" time="0.977" tests="184" errors="0" skipped="0" failures="0">
  <properties>
[...]
</properties>
  <testcase name="testFindByAuthor" classname="com.epam.rd.autotasks.collections.map.BooksCatalogTest" time="0.021"/>
  <testcase name="testFindAuthorsByBookTitle{String}[1]" classname="com.epam.rd.autotasks.collections.map.BooksCatalogTest" time="0.058"/>
  <testcase name="testFindAuthorsByBookTitle{String}[2]" classname="com.epam.rd.autotasks.collections.map.BooksCatalogTest" time="0.009"/>
  <testcase name="testFindAuthorsByBookTitle{String}[3]" classname="com.epam.rd.autotasks.collections.map.BooksCatalogTest" time="0.007"/>
  <testcase name="testFindAuthorsByBookTitle{String}[4]" classname="com.epam.rd.autotasks.collections.map.BooksCatalogTest" time="0.014"/>
  <testcase name="testFindAuthorsByBookTitle{String}[5]" classname="com.epam.rd.autotasks.collections.map.BooksCatalogTest" time="0.011"/>
  <testcase name="testFindAuthorsByBookTitle{String}[6]" classname="com.epam.rd.autotasks.collections.map.BooksCatalogTest" time="0"/>
  <testcase name="testFindAuthorsByBookTitle{String}[7]" classname="com.epam.rd.autotasks.collections.map.BooksCatalogTest" time="0.008"/>
  <testcase name="testFindAuthorsByBook{String, String, String, String}[1]" classname="com.epam.rd.autotasks.collections.map.BooksCatalogTest" time="0.015"/>
  <testcase name="testFindAuthorsByBook{String, String, String, String}[2]" classname="com.epam.rd.autotasks.collections.map.BooksCatalogTest" time="0.002"/>
  <testcase name="testFindAuthorsByBook{String, String, String, String}[3]" classname="com.epam.rd.autotasks.collections.map.BooksCatalogTest" time="0.009"/>
  <testcase name="testFindAuthorsByBook{String, String, String, String}[4]" classname="com.epam.rd.autotasks.collections.map.BooksCatalogTest" time="0.002"/>
  <testcase name="testFindAuthorsByBook{String, String, String, String}[5]" classname="com.epam.rd.autotasks.collections.map.BooksCatalogTest" time="0.002"/>
  <testcase name="testFindAuthorsByBook{String, String, String, String}[6]" classname="com.epam.rd.autotasks.collections.map.BooksCatalogTest" time="0.001"/>
  <testcase name="testFindAuthorsByBook{String, String, String, String}[7]" classname="com.epam.rd.autotasks.collections.map.BooksCatalogTest" time="0.002"/>
  <testcase name="testFindAuthorsByBook{String, String, String, String}[8]" classname="com.epam.rd.autotasks.collections.map.BooksCatalogTest" time="0.003"/>
  <testcase name="testFindAuthorsByBook{String, String, String, String}[9]" classname="com.epam.rd.autotasks.collections.map.BooksCatalogTest" time="0.003"/>
  <testcase name="testFindAuthorsByBook{String, String, String, String}[10]" classname="com.epam.rd.autotasks.collections.map.BooksCatalogTest" time="0.001"/>
  <testcase name="testFindAuthorsByBook{String, String, String, String}[11]" classname="com.epam.rd.autotasks.collections.map.BooksCatalogTest" time="0.004"/>
  <testcase name="testFindAuthorsByBook{String, String, String, String}[12]" classname="com.epam.rd.autotasks.collections.map.BooksCatalogTest" time="0.004"/>
  <testcase name="testFindAuthorsByBook{String, String, String, String}[13]" classname="com.epam.rd.autotasks.collections.map.BooksCatalogTest" time="0.003"/>
  <testcase name="testFindAuthorsByBook{String, String, String, String}[14]" classname="com.epam.rd.autotasks.collections.map.BooksCatalogTest" time="0.003"/>
  <testcase name="testFindAuthorsByBook{String, String, String, String}[15]" classname="com.epam.rd.autotasks.collections.map.BooksCatalogTest" time="0.003"/>
  <testcase name="testFindAuthorsByBook{String, String, String, String}[16]" classname="com.epam.rd.autotasks.collections.map.BooksCatalogTest" time="0.002"/>
  <testcase name="testFindAuthorsByBook{String, String, String, String}[17]" classname="com.epam.rd.autotasks.collections.map.BooksCatalogTest" time="0.003"/>
  <testcase name="testFindAuthorsByBook{String, String, String, String}[18]" classname="com.epam.rd.autotasks.collections.map.BooksCatalogTest" time="0.007"/>
  <testcase name="testFindAuthorsByBook{String, String, String, String}[19]" classname="com.epam.rd.autotasks.collections.map.BooksCatalogTest" time="0.002"/>
  <testcase name="testFindAuthorsByBook{String, String, String, String}[20]" classname="com.epam.rd.autotasks.collections.map.BooksCatalogTest" time="0.002"/>
  <testcase name="testFindAuthorsByBook{String, String, String, String}[21]" classname="com.epam.rd.autotasks.collections.map.BooksCatalogTest" time="0.001"/>
  <testcase name="testFindAuthorsByBook{String, String, String, String}[22]" classname="com.epam.rd.autotasks.collections.map.BooksCatalogTest" time="0.001"/>
  <testcase name="testFindAuthorsByBook{String, String, String, String}[23]" classname="com.epam.rd.autotasks.collections.map.BooksCatalogTest" time="0.002"/>
  <testcase name="testFindAuthorsByBook{String, String, String, String}[24]" classname="com.epam.rd.autotasks.collections.map.BooksCatalogTest" time="0.002"/>
  <testcase name="testFindAuthorsByBook{String, String, String, String}[25]" classname="com.epam.rd.autotasks.collections.map.BooksCatalogTest" time="0.001"/>
  <testcase name="testFindAuthorsByBook{String, String, String, String}[26]" classname="com.epam.rd.autotasks.collections.map.BooksCatalogTest" time="0.002"/>
  <testcase name="testFindAuthorsByBook{String, String, String, String}[27]" classname="com.epam.rd.autotasks.collections.map.BooksCatalogTest" time="0.002"/>
  <testcase name="testFindAuthorsByBook{String, String, String, String}[28]" classname="com.epam.rd.autotasks.collections.map.BooksCatalogTest" time="0.001"/>
  <testcase name="testFindAuthorsByBook{String, String, String, String}[29]" classname="com.epam.rd.autotasks.collections.map.BooksCatalogTest" time="0.001"/>
  <testcase name="testFindAuthorsByBook{String, String, String, String}[30]" classname="com.epam.rd.autotasks.collections.map.BooksCatalogTest" time="0.001"/>
  <testcase name="testFindAuthorsByBook{String, String, String, String}[31]" classname="com.epam.rd.autotasks.collections.map.BooksCatalogTest" time="0.001"/>
  <testcase name="testFindAuthorsByBook{String, String, String, String}[32]" classname="com.epam.rd.autotasks.collections.map.BooksCatalogTest" time="0.001"/>
  <testcase name="testFindAuthorsByBook{String, String, String, String}[33]" classname="com.epam.rd.autotasks.collections.map.BooksCatalogTest" time="0.001"/>
  <testcase name="testFindAuthorsByBook{String, String, String, String}[34]" classname="com.epam.rd.autotasks.collections.map.BooksCatalogTest" time="0.002"/>
  <testcase name="testFindAuthorsByBook{String, String, String, String}[35]" classname="com.epam.rd.autotasks.collections.map.BooksCatalogTest" time="0.001"/>
  <testcase name="testFindAuthorsByBook{String, String, String, String}[36]" classname="com.epam.rd.autotasks.collections.map.BooksCatalogTest" time="0.003"/>
  <testcase name="testFindAuthorsByBook{String, String, String, String}[37]" classname="com.epam.rd.autotasks.collections.map.BooksCatalogTest" time="0.001"/>
  <testcase name="testFindAuthorsByBook{String, String, String, String}[38]" classname="com.epam.rd.autotasks.collections.map.BooksCatalogTest" time="0.001"/>
  <testcase name="testFindAuthorsByBook{String, String, String, String}[39]" classname="com.epam.rd.autotasks.collections.map.BooksCatalogTest" time="0.002"/>
  <testcase name="testFindAuthorsByBook{String, String, String, String}[40]" classname="com.epam.rd.autotasks.collections.map.BooksCatalogTest" time="0.002"/>
  <testcase name="testFindAuthorsByBook{String, String, String, String}[41]" classname="com.epam.rd.autotasks.collections.map.BooksCatalogTest" time="0.001"/>
  <testcase name="testFindAuthorsByBook{String, String, String, String}[42]" classname="com.epam.rd.autotasks.collections.map.BooksCatalogTest" time="0.001"/>
  <testcase name="testFindAuthorsByBook{String, String, String, String}[43]" classname="com.epam.rd.autotasks.collections.map.BooksCatalogTest" time="0.001"/>
  <testcase name="testFindAuthorsByBook{String, String, String, String}[44]" classname="com.epam.rd.autotasks.collections.map.BooksCatalogTest" time="0.002"/>
  <testcase name="testFindAuthorsByBook{String, String, String, String}[45]" classname="com.epam.rd.autotasks.collections.map.BooksCatalogTest" time="0.004"/>
  <testcase name="testFindAuthorsByBook{String, String, String, String}[46]" classname="com.epam.rd.autotasks.collections.map.BooksCatalogTest" time="0.001"/>
  <testcase name="testFindAuthorsByBook{String, String, String, String}[47]" classname="com.epam.rd.autotasks.collections.map.BooksCatalogTest" time="0.001"/>
  <testcase name="testFindAuthorsByBook{String, String, String, String}[48]" classname="com.epam.rd.autotasks.collections.map.BooksCatalogTest" time="0.001"/>
  <testcase name="testFindAuthorsByBook{String, String, String, String}[49]" classname="com.epam.rd.autotasks.collections.map.BooksCatalogTest" time="0.001"/>
  <testcase name="testFindAuthorsByBook{String, String, String, String}[50]" classname="com.epam.rd.autotasks.collections.map.BooksCatalogTest" time="0.005"/>
  <testcase name="testFindAuthorsByBook{String, String, String, String}[51]" classname="com.epam.rd.autotasks.collections.map.BooksCatalogTest" time="0.001"/>
  <testcase name="testFindAuthorsByBook{String, String, String, String}[52]" classname="com.epam.rd.autotasks.collections.map.BooksCatalogTest" time="0.001"/>
  <testcase name="testFindAuthorsByBook{String, String, String, String}[53]" classname="com.epam.rd.autotasks.collections.map.BooksCatalogTest" time="0.001"/>
  <testcase name="testFindAuthorsByBook{String, String, String, String}[54]" classname="com.epam.rd.autotasks.collections.map.BooksCatalogTest" time="0.001"/>
  <testcase name="testFindAuthorsByBook{String, String, String, String}[55]" classname="com.epam.rd.autotasks.collections.map.BooksCatalogTest" time="0.002"/>
  <testcase name="testFindAuthorsByBook{String, String, String, String}[56]" classname="com.epam.rd.autotasks.collections.map.BooksCatalogTest" time="0.001"/>
  <testcase name="testFindAuthorsByBook{String, String, String, String}[57]" classname="com.epam.rd.autotasks.collections.map.BooksCatalogTest" time="0.001"/>
  <testcase name="testFindAuthorsByBook{String, String, String, String}[58]" classname="com.epam.rd.autotasks.collections.map.BooksCatalogTest" time="0.002"/>
  <testcase name="testFindAuthorsByBook{String, String, String, String}[59]" classname="com.epam.rd.autotasks.collections.map.BooksCatalogTest" time="0.001"/>
  <testcase name="testFindAuthorsByBook{String, String, String, String}[60]" classname="com.epam.rd.autotasks.collections.map.BooksCatalogTest" time="0.001"/>
  <testcase name="testFindAuthorsByBook{String, String, String, String}[61]" classname="com.epam.rd.autotasks.collections.map.BooksCatalogTest" time="0.003"/>
  <testcase name="testFindAuthorsByBook{String, String, String, String}[62]" classname="com.epam.rd.autotasks.collections.map.BooksCatalogTest" time="0.003"/>
  <testcase name="testFindAuthorsByBook{String, String, String, String}[63]" classname="com.epam.rd.autotasks.collections.map.BooksCatalogTest" time="0.001"/>
  <testcase name="testFindAuthorsByBook{String, String, String, String}[64]" classname="com.epam.rd.autotasks.collections.map.BooksCatalogTest" time="0.001"/>
  <testcase name="testFindAuthorsByBook{String, String, String, String}[65]" classname="com.epam.rd.autotasks.collections.map.BooksCatalogTest" time="0.003"/>
  <testcase name="testFindAuthorsByBook{String, String, String, String}[66]" classname="com.epam.rd.autotasks.collections.map.BooksCatalogTest" time="0.002"/>
  <testcase name="testFindAuthorsByBook{String, String, String, String}[67]" classname="com.epam.rd.autotasks.collections.map.BooksCatalogTest" time="0.003"/>
  <testcase name="testFindAuthorsByBook{String, String, String, String}[68]" classname="com.epam.rd.autotasks.collections.map.BooksCatalogTest" time="0.001"/>
  <testcase name="testFindAuthorsByBook{String, String, String, String}[69]" classname="com.epam.rd.autotasks.collections.map.BooksCatalogTest" time="0.002"/>
  <testcase name="testFindAuthorsByBook{String, String, String, String}[70]" classname="com.epam.rd.autotasks.collections.map.BooksCatalogTest" time="0.004"/>
  <testcase name="testFindAuthorsByBook{String, String, String, String}[71]" classname="com.epam.rd.autotasks.collections.map.BooksCatalogTest" time="0.001"/>
  <testcase name="testFindAuthorsByBook{String, String, String, String}[72]" classname="com.epam.rd.autotasks.collections.map.BooksCatalogTest" time="0.001"/>
  <testcase name="testFindAuthorsByBook{String, String, String, String}[73]" classname="com.epam.rd.autotasks.collections.map.BooksCatalogTest" time="0.001"/>
  <testcase name="testFindAuthorsByBook{String, String, String, String}[74]" classname="com.epam.rd.autotasks.collections.map.BooksCatalogTest" time="0.002"/>
  <testcase name="testFindAuthorsByBook{String, String, String, String}[75]" classname="com.epam.rd.autotasks.collections.map.BooksCatalogTest" time="0.002"/>
  <testcase name="testFindAuthorsByBook{String, String, String, String}[76]" classname="com.epam.rd.autotasks.collections.map.BooksCatalogTest" time="0.002"/>
  <testcase name="testFindAuthorsByBook{String, String, String, String}[77]" classname="com.epam.rd.autotasks.collections.map.BooksCatalogTest" time="0.002"/>
  <testcase name="testFindAuthorsByBook{String, String, String, String}[78]" classname="com.epam.rd.autotasks.collections.map.BooksCatalogTest" time="0.001"/>
  <testcase name="testFindAuthorsByBook{String, String, String, String}[79]" classname="com.epam.rd.autotasks.collections.map.BooksCatalogTest" time="0.001"/>
  <testcase name="testFindAuthorsByBook{String, String, String, String}[80]" classname="com.epam.rd.autotasks.collections.map.BooksCatalogTest" time="0.003"/>
  <testcase name="testFindAuthorsByBook{String, String, String, String}[81]" classname="com.epam.rd.autotasks.collections.map.BooksCatalogTest" time="0.004"/>
  <testcase name="testFindAuthorsByBook{String, String, String, String}[82]" classname="com.epam.rd.autotasks.collections.map.BooksCatalogTest" time="0"/>
  <testcase name="testFindAuthorsByBook{String, String, String, String}[83]" classname="com.epam.rd.autotasks.collections.map.BooksCatalogTest" time="0.001"/>
  <testcase name="testFindAuthorsByBook{String, String, String, String}[84]" classname="com.epam.rd.autotasks.collections.map.BooksCatalogTest" time="0.001"/>
  <testcase name="testFindAuthorsByBook{String, String, String, String}[85]" classname="com.epam.rd.autotasks.collections.map.BooksCatalogTest" time="0.002"/>
  <testcase name="testFindAuthorsByBook{String, String, String, String}[86]" classname="com.epam.rd.autotasks.collections.map.BooksCatalogTest" time="0.001"/>
  <testcase name="testFindAuthorsByBook{String, String, String, String}[87]" classname="com.epam.rd.autotasks.collections.map.BooksCatalogTest" time="0.001"/>
  <testcase name="testFindAuthorsByBook{String, String, String, String}[88]" classname="com.epam.rd.autotasks.collections.map.BooksCatalogTest" time="0.001"/>
  <testcase name="testFindAuthorsByBook{String, String, String, String}[89]" classname="com.epam.rd.autotasks.collections.map.BooksCatalogTest" time="0.001"/>
  <testcase name="testFindAuthorsByBook{String, String, String, String}[90]" classname="com.epam.rd.autotasks.collections.map.BooksCatalogTest" time="0.001"/>
  <testcase name="testFindAuthorsByBook{String, String, String, String}[91]" classname="com.epam.rd.autotasks.collections.map.BooksCatalogTest" time="0.002"/>
  <testcase name="testFindAuthorsByBook{String, String, String, String}[92]" classname="com.epam.rd.autotasks.collections.map.BooksCatalogTest" time="0.002"/>
  <testcase name="testFindAuthorsByBook{String, String, String, String}[93]" classname="com.epam.rd.autotasks.collections.map.BooksCatalogTest" time="0.001"/>
  <testcase name="testFindAuthorsByBook{String, String, String, String}[94]" classname="com.epam.rd.autotasks.collections.map.BooksCatalogTest" time="0.001"/>
  <testcase name="testFindAuthorsByBook{String, String, String, String}[95]" classname="com.epam.rd.autotasks.collections.map.BooksCatalogTest" time="0.001"/>
  <testcase name="testFindAuthorsByBook{String, String, String, String}[96]" classname="com.epam.rd.autotasks.collections.map.BooksCatalogTest" time="0.001"/>
  <testcase name="testFindAuthorsByBook{String, String, String, String}[97]" classname="com.epam.rd.autotasks.collections.map.BooksCatalogTest" time="0.005"/>
  <testcase name="testFindAuthorsByBook{String, String, String, String}[98]" classname="com.epam.rd.autotasks.collections.map.BooksCatalogTest" time="0.002"/>
  <testcase name="testFindAuthorsByBook{String, String, String, String}[99]" classname="com.epam.rd.autotasks.collections.map.BooksCatalogTest" time="0"/>
  <testcase name="testFindAuthorsByBook{String, String, String, String}[100]" classname="com.epam.rd.autotasks.collections.map.BooksCatalogTest" time="0.001"/>
  <testcase name="testFindAuthorsByBook{String, String, String, String}[101]" classname="com.epam.rd.autotasks.collections.map.BooksCatalogTest" time="0.001"/>
  <testcase name="testFindAuthorsByBook{String, String, String, String}[102]" classname="com.epam.rd.autotasks.collections.map.BooksCatalogTest" time="0.001"/>
  <testcase name="testFindAuthorsByBook{String, String, String, String}[103]" classname="com.epam.rd.autotasks.collections.map.BooksCatalogTest" time="0.002"/>
  <testcase name="testFindAuthorsByBook{String, String, String, String}[104]" classname="com.epam.rd.autotasks.collections.map.BooksCatalogTest" time="0.002"/>
  <testcase name="testFindAuthorsByBook{String, String, String, String}[105]" classname="com.epam.rd.autotasks.collections.map.BooksCatalogTest" time="0.001"/>
  <testcase name="testFindAuthorsByBook{String, String, String, String}[106]" classname="com.epam.rd.autotasks.collections.map.BooksCatalogTest" time="0.001"/>
  <testcase name="testFindAuthorsByBook{String, String, String, String}[107]" classname="com.epam.rd.autotasks.collections.map.BooksCatalogTest" time="0.001"/>
  <testcase name="testFindAuthorsByBook{String, String, String, String}[108]" classname="com.epam.rd.autotasks.collections.map.BooksCatalogTest" time="0.001"/>
  <testcase name="testFindAuthorsByBook{String, String, String, String}[109]" classname="com.epam.rd.autotasks.collections.map.BooksCatalogTest" time="0.001"/>
  <testcase name="testFindAuthorsByBook{String, String, String, String}[110]" classname="com.epam.rd.autotasks.collections.map.BooksCatalogTest" time="0.002"/>
  <testcase name="testFindAuthorsByBook{String, String, String, String}[111]" classname="com.epam.rd.autotasks.collections.map.BooksCatalogTest" time="0.002"/>
  <testcase name="testFindAuthorsByBook{String, String, String, String}[112]" classname="com.epam.rd.autotasks.collections.map.BooksCatalogTest" time="0.003"/>
  <testcase name="testFindAuthorsByBook{String, String, String, String}[113]" classname="com.epam.rd.autotasks.collections.map.BooksCatalogTest" time="0.001"/>
  <testcase name="testFindAuthorsByBook{String, String, String, String}[114]" classname="com.epam.rd.autotasks.collections.map.BooksCatalogTest" time="0.001"/>
  <testcase name="testFindAuthorsByBook{String, String, String, String}[115]" classname="com.epam.rd.autotasks.collections.map.BooksCatalogTest" time="0.002"/>
  <testcase name="testFindAuthorsByBook{String, String, String, String}[116]" classname="com.epam.rd.autotasks.collections.map.BooksCatalogTest" time="0.001"/>
  <testcase name="testFindAuthorsByBook{String, String, String, String}[117]" classname="com.epam.rd.autotasks.collections.map.BooksCatalogTest" time="0.002"/>
  <testcase name="testGetAllAuthors{String}[1]" classname="com.epam.rd.autotasks.collections.map.BooksCatalogTest" time="0.004"/>
  <testcase name="testGetAllAuthors{String}[2]" classname="com.epam.rd.autotasks.collections.map.BooksCatalogTest" time="0.004"/>
  <testcase name="testGetAllAuthors{String}[3]" classname="com.epam.rd.autotasks.collections.map.BooksCatalogTest" time="0"/>
  <testcase name="testGetAllAuthors{String}[4]" classname="com.epam.rd.autotasks.collections.map.BooksCatalogTest" time="0.001"/>
  <testcase name="testGetAllAuthors{String}[5]" classname="com.epam.rd.autotasks.collections.map.BooksCatalogTest" time="0"/>
  <testcase name="testGetAllAuthors{String}[6]" classname="com.epam.rd.autotasks.collections.map.BooksCatalogTest" time="0.001"/>
  <testcase name="testToString" classname="com.epam.rd.autotasks.collections.map.BooksCatalogTest" time="0.007"/>
  <testcase name="testBookCompareTo{String, String, String}[1]" classname="com.epam.rd.autotasks.collections.map.BooksCatalogTest" time="0.011"/>
  <testcase name="testFindBooksByGenre{String, String}[1]" classname="com.epam.rd.autotasks.collections.map.BooksCatalogTest" time="0.009"/>
  <testcase name="testFindBooksByGenre{String, String}[2]" classname="com.epam.rd.autotasks.collections.map.BooksCatalogTest" time="0.001"/>
  <testcase name="testFindBooksByGenre{String, String}[3]" classname="com.epam.rd.autotasks.collections.map.BooksCatalogTest" time="0.003"/>
  <testcase name="testFindBooksByGenre{String, String}[4]" classname="com.epam.rd.autotasks.collections.map.BooksCatalogTest" time="0.001"/>
  <testcase name="testFindBooksByGenre{String, String}[5]" classname="com.epam.rd.autotasks.collections.map.BooksCatalogTest" time="0.001"/>
  <testcase name="testFindBooksByGenre{String, String}[6]" classname="com.epam.rd.autotasks.collections.map.BooksCatalogTest" time="0.005"/>
  <testcase name="testFindBooksByGenre{String, String}[7]" classname="com.epam.rd.autotasks.collections.map.BooksCatalogTest" time="0.001"/>
  <testcase name="testFindBooksByGenre{String, String}[8]" classname="com.epam.rd.autotasks.collections.map.BooksCatalogTest" time="0.001"/>
  <testcase name="testFindBooksByGenre{String, String}[9]" classname="com.epam.rd.autotasks.collections.map.BooksCatalogTest" time="0.002"/>
  <testcase name="testFindBooksByGenre{String, String}[10]" classname="com.epam.rd.autotasks.collections.map.BooksCatalogTest" time="0.002"/>
  <testcase name="testFindBooksByGenre{String, String}[11]" classname="com.epam.rd.autotasks.collections.map.BooksCatalogTest" time="0.005"/>
  <testcase name="testFindBooksByGenre{String, String}[12]" classname="com.epam.rd.autotasks.collections.map.BooksCatalogTest" time="0.001"/>
  <testcase name="testFindBooksByGenre{String, String}[13]" classname="com.epam.rd.autotasks.collections.map.BooksCatalogTest" time="0.001"/>
  <testcase name="testFindBooksByGenre{String, String}[14]" classname="com.epam.rd.autotasks.collections.map.BooksCatalogTest" time="0.001"/>
  <testcase name="testFindBooksByGenre{String, String}[15]" classname="com.epam.rd.autotasks.collections.map.BooksCatalogTest" time="0.001"/>
  <testcase name="testFindBooksByGenre{String, String}[16]" classname="com.epam.rd.autotasks.collections.map.BooksCatalogTest" time="0.002"/>
  <testcase name="testFindBooksByGenre{String, String}[17]" classname="com.epam.rd.autotasks.collections.map.BooksCatalogTest" time="0.001"/>
  <testcase name="testFindBooksByGenre{String, String}[18]" classname="com.epam.rd.autotasks.collections.map.BooksCatalogTest" time="0.001"/>
  <testcase name="testFindBooksByGenre{String, String}[19]" classname="com.epam.rd.autotasks.collections.map.BooksCatalogTest" time="0.001"/>
  <testcase name="testFindBooksByGenre{String, String}[20]" classname="com.epam.rd.autotasks.collections.map.BooksCatalogTest" time="0.002"/>
  <testcase name="testFindBooksByGenre{String, String}[21]" classname="com.epam.rd.autotasks.collections.map.BooksCatalogTest" time="0.005"/>
  <testcase name="testFindBooksByGenre{String, String}[22]" classname="com.epam.rd.autotasks.collections.map.BooksCatalogTest" time="0.002"/>
  <testcase name="testFindBooksByGenre{String, String}[23]" classname="com.epam.rd.autotasks.collections.map.BooksCatalogTest" time="0.001"/>
  <testcase name="testFindBooksByGenre{String, String}[24]" classname="com.epam.rd.autotasks.collections.map.BooksCatalogTest" time="0.001"/>
  <testcase name="testFindBooksByGenre{String, String}[25]" classname="com.epam.rd.autotasks.collections.map.BooksCatalogTest" time="0.001"/>
  <testcase name="testFindBooksByGenre{String, String}[26]" classname="com.epam.rd.autotasks.collections.map.BooksCatalogTest" time="0.001"/>
  <testcase name="testFindBooksByGenre{String, String}[27]" classname="com.epam.rd.autotasks.collections.map.BooksCatalogTest" time="0.003"/>
  <testcase name="testFindBooksByGenre{String, String}[28]" classname="com.epam.rd.autotasks.collections.map.BooksCatalogTest" time="0.002"/>
  <testcase name="testFindBooksByGenre{String, String}[29]" classname="com.epam.rd.autotasks.collections.map.BooksCatalogTest" time="0.001"/>
  <testcase name="testFindBooksByGenre{String, String}[30]" classname="com.epam.rd.autotasks.collections.map.BooksCatalogTest" time="0.001"/>
  <testcase name="testFindBooksByGenre{String, String}[31]" classname="com.epam.rd.autotasks.collections.map.BooksCatalogTest" time="0.002"/>
  <testcase name="testFindBooksByGenre{String, String}[32]" classname="com.epam.rd.autotasks.collections.map.BooksCatalogTest" time="0.001"/>
  <testcase name="testFindBooksByGenre{String, String}[33]" classname="com.epam.rd.autotasks.collections.map.BooksCatalogTest" time="0.002"/>
  <testcase name="testFindBooksByGenre{String, String}[34]" classname="com.epam.rd.autotasks.collections.map.BooksCatalogTest" time="0.001"/>
  <testcase name="testFindBooksByGenre{String, String}[35]" classname="com.epam.rd.autotasks.collections.map.BooksCatalogTest" time="0.002"/>
  <testcase name="testFindBooksByGenre{String, String}[36]" classname="com.epam.rd.autotasks.collections.map.BooksCatalogTest" time="0"/>
  <testcase name="testFindBooksByGenre{String, String}[37]" classname="com.epam.rd.autotasks.collections.map.BooksCatalogTest" time="0.001"/>
  <testcase name="testFindBooksByGenre{String, String}[38]" classname="com.epam.rd.autotasks.collections.map.BooksCatalogTest" time="0.003"/>
  <testcase name="testFindBooksByGenre{String, String}[39]" classname="com.epam.rd.autotasks.collections.map.BooksCatalogTest" time="0.002"/>
  <testcase name="testFindBooksByGenre{String, String}[40]" classname="com.epam.rd.autotasks.collections.map.BooksCatalogTest" time="0.001"/>
  <testcase name="testFindBooksByGenre{String, String}[41]" classname="com.epam.rd.autotasks.collections.map.BooksCatalogTest" time="0"/>
  <testcase name="testFindBooksByGenre{String, String}[42]" classname="com.epam.rd.autotasks.collections.map.BooksCatalogTest" time="0"/>
  <testcase name="testFindBooksByGenre{String, String}[43]" classname="com.epam.rd.autotasks.collections.map.BooksCatalogTest" time="0.001"/>
  <testcase name="testFindBooksByGenre{String, String}[44]" classname="com.epam.rd.autotasks.collections.map.BooksCatalogTest" time="0.002"/>
  <testcase name="testFindBooksByGenre{String, String}[45]" classname="com.epam.rd.autotasks.collections.map.BooksCatalogTest" time="0.001"/>
  <testcase name="testFindBooksByGenre{String, String}[46]" classname="com.epam.rd.autotasks.collections.map.BooksCatalogTest" time="0.001"/>
  <testcase name="testFindBooksByGenre{String, String}[47]" classname="com.epam.rd.autotasks.collections.map.BooksCatalogTest" time="0.001"/>
  <testcase name="testFindBooksByGenre{String, String}[48]" classname="com.epam.rd.autotasks.collections.map.BooksCatalogTest" time="0.001"/>
  <testcase name="testFindBooksByGenre{String, String}[49]" classname="com.epam.rd.autotasks.collections.map.BooksCatalogTest" time="0.001"/>
  <testcase name="testFindBooksByGenre{String, String}[50]" classname="com.epam.rd.autotasks.collections.map.BooksCatalogTest" time="0.001"/>
  <testcase name="testFindAuthorsByBookShouldThrow" classname="com.epam.rd.autotasks.collections.map.BooksCatalogTest" time="0.004"/>
</testsuite>