<?xml version="1.0" encoding="UTF-8"?>
<testsuite xmlns:xsi="http://www.w3.org/2001/XMLSchema-instance" xsi:noNamespaceSchemaLocation="https://maven.apache.org/surefire/maven-surefire-plugin/xsd/surefire-test-report.xsd" name="com.epam.rd.contactbook.CodeComplianceTest" time="1.76" tests="3" errors="0" skipped="0" failures="0">
  <properties>
[...]
</properties>
  <testcase name="testNoStreams" classname="com.epam.rd.contactbook.CodeComplianceTest" time="0.108"/>
  <testcase name="testNoCollections" classname="com.epam.rd.contactbook.CodeComplianceTest" time="0.141"/>
  <testcase name="testClasses" classname="com.epam.rd.contactbook.CodeComplianceTest" time="0.017"/>
</testsuite>